DishOrderingSystem/app/build/outputs/logs/manifest-merger-debug-report.txt
-- Merging decision tree log ---
manifest
ADDED from src/main/AndroidManifest.xml:2:1-151:12
	package
		ADDED from src/main/AndroidManifest.xml:3:5-31
		INJECTED from src/main/AndroidManifest.xml
		INJECTED from src/main/AndroidManifest.xml
	android:versionName
		ADDED from src/main/AndroidManifest.xml:5:5-30
		INJECTED from src/main/AndroidManifest.xml
		INJECTED from src/main/AndroidManifest.xml
	android:versionCode
		ADDED from src/main/AndroidManifest.xml:4:5-29
		INJECTED from src/main/AndroidManifest.xml
		INJECTED from src/main/AndroidManifest.xml
	xmlns:android
		ADDED from src/main/AndroidManifest.xml:2:11-69
uses-sdk
ADDED from src/main/AndroidManifest.xml:7:5-9:41
MERGED from [com.android.support:support-v4:23.2.0] AndroidManifest.xml:20:5-43
MERGED from [com.google.android.gms:play-services-appindexing:8.1.0] AndroidManifest.xml:18:5-42
MERGED from [com.google.android.gms:play-services-basement:8.1.0] AndroidManifest.xml:18:5-42
MERGED from [com.android.support:support-v4:23.2.0] AndroidManifest.xml:20:5-43
	android:targetSdkVersion
		ADDED from src/main/AndroidManifest.xml:9:9-38
		INJECTED from src/main/AndroidManifest.xml
		INJECTED from src/main/AndroidManifest.xml
	android:minSdkVersion
		ADDED from src/main/AndroidManifest.xml:8:9-35
		INJECTED from src/main/AndroidManifest.xml
		INJECTED from src/main/AndroidManifest.xml
application
ADDED from src/main/AndroidManifest.xml:11:5-149:19
MERGED from [com.android.support:support-v4:23.2.0] AndroidManifest.xml:22:5-20
MERGED from [com.google.android.gms:play-services-appindexing:8.1.0] AndroidManifest.xml:19:5-20
MERGED from [com.google.android.gms:play-services-basement:8.1.0] AndroidManifest.xml:20:5-24:19
MERGED from [com.android.support:support-v4:23.2.0] AndroidManifest.xml:22:5-20
	android:label
		ADDED from src/main/AndroidManifest.xml:14:9-41
	android:allowBackup
		ADDED from src/main/AndroidManifest.xml:12:9-35
	android:icon
		ADDED from src/main/AndroidManifest.xml:13:9-45
	android:theme
		ADDED from src/main/AndroidManifest.xml:15:9-83
activity#com.example.test.MainActivity
ADDED from src/main/AndroidManifest.xml:17:9-25:20
	android:label
		ADDED from src/main/AndroidManifest.xml:19:13-45
	android:name
		ADDED from src/main/AndroidManifest.xml:18:13-41
intent-filter#android.intent.action.MAIN+android.intent.category.LAUNCHER
ADDED from src/main/AndroidManifest.xml:20:13-24:29
action#android.intent.action.MAIN
ADDED from src/main/AndroidManifest.xml:21:17-69
	android:name
		ADDED from src/main/AndroidManifest.xml:21:25-66
category#android.intent.category.LAUNCHER
ADDED from src/main/AndroidManifest.xml:23:17-77
	android:name
		ADDED from src/main/AndroidManifest.xml:23:27-74
activity#com.example.test.Layout2
ADDED from src/main/AndroidManifest.xml:27:9-30:20
	android:label
		ADDED from src/main/AndroidManifest.xml:29:13-59
	android:name
		ADDED from src/main/AndroidManifest.xml:28:13-36
activity#com.example.test.menuActivity
ADDED from src/main/AndroidManifest.xml:32:9-36:20
	android:label
		ADDED from src/main/AndroidManifest.xml:34:13-60
	android:theme
		ADDED from src/main/AndroidManifest.xml:35:13-40
	android:name
		ADDED from src/main/AndroidManifest.xml:33:13-41
activity#com.example.test.enterActivity
ADDED from src/main/AndroidManifest.xml:38:9-41:20
	android:label
		ADDED from src/main/AndroidManifest.xml:40:13-60
	android:name
		ADDED from src/main/AndroidManifest.xml:39:13-42
activity#com.example.test.ChefActivity
ADDED from src/main/AndroidManifest.xml:43:9-47:20
	android:label
		ADDED from src/main/AndroidManifest.xml:45:13-56
	android:theme
		ADDED from src/main/AndroidManifest.xml:46:13-40
	android:name
		ADDED from src/main/AndroidManifest.xml:44:13-41
activity#com.example.test.ChefViewDishesActivity
ADDED from src/main/AndroidManifest.xml:49:9-53:20
	android:label
		ADDED from src/main/AndroidManifest.xml:51:13-38
	android:theme
		ADDED from src/main/AndroidManifest.xml:52:13-40
	android:name
		ADDED from src/main/AndroidManifest.xml:50:13-51
activity#com.example.test.WaitressActivity
ADDED from src/main/AndroidManifest.xml:55:9-59:20
	android:label
		ADDED from src/main/AndroidManifest.xml:56:13-35
	android:theme
		ADDED from src/main/AndroidManifest.xml:57:13-40
	android:name
		ADDED from src/main/AndroidManifest.xml:55:19-51
activity#com.example.test.ReceiptActivity
ADDED from src/main/AndroidManifest.xml:61:9-64:20
	android:label
		ADDED from src/main/AndroidManifest.xml:63:13-56
	android:name
		ADDED from src/main/AndroidManifest.xml:62:13-44
activity#com.example.test.officialReceiptActivity
ADDED from src/main/AndroidManifest.xml:66:9-69:20
	android:label
		ADDED from src/main/AndroidManifest.xml:68:13-56
	android:name
		ADDED from src/main/AndroidManifest.xml:67:13-52
activity#com.example.test.ModifyOrderActivity
ADDED from src/main/AndroidManifest.xml:71:9-75:20
	android:label
		ADDED from src/main/AndroidManifest.xml:73:13-42
	android:theme
		ADDED from src/main/AndroidManifest.xml:74:13-40
	android:name
		ADDED from src/main/AndroidManifest.xml:72:13-48
activity#com.example.test.ManagerActivity
ADDED from src/main/AndroidManifest.xml:77:9-80:20
	android:label
		ADDED from src/main/AndroidManifest.xml:79:13-37
	android:name
		ADDED from src/main/AndroidManifest.xml:78:13-44
activity#com.example.test.AllocateChefActivity
ADDED from src/main/AndroidManifest.xml:82:9-86:20
	android:label
		ADDED from src/main/AndroidManifest.xml:84:13-42
	android:theme
		ADDED from src/main/AndroidManifest.xml:85:13-40
	android:name
		ADDED from src/main/AndroidManifest.xml:83:13-49
activity#com.example.test.CheflistActivity
ADDED from src/main/AndroidManifest.xml:88:9-92:20
	android:label
		ADDED from src/main/AndroidManifest.xml:90:13-38
	android:theme
		ADDED from src/main/AndroidManifest.xml:91:13-40
	android:name
		ADDED from src/main/AndroidManifest.xml:89:13-45
activity#com.example.test.ViewCommentActivity
ADDED from src/main/AndroidManifest.xml:94:9-98:20
	android:label
		ADDED from src/main/AndroidManifest.xml:96:13-37
	android:theme
		ADDED from src/main/AndroidManifest.xml:97:13-40
	android:name
		ADDED from src/main/AndroidManifest.xml:95:13-48
activity#com.example.test.LeaveCommentActivity
ADDED from src/main/AndroidManifest.xml:100:9-104:20
	android:label
		ADDED from src/main/AndroidManifest.xml:102:13-37
	android:theme
		ADDED from src/main/AndroidManifest.xml:103:13-40
	android:name
		ADDED from src/main/AndroidManifest.xml:101:13-49
activity#com.example.test.ChangeMenuActivity
ADDED from src/main/AndroidManifest.xml:106:9-110:20
	android:label
		ADDED from src/main/AndroidManifest.xml:108:13-40
	android:theme
		ADDED from src/main/AndroidManifest.xml:109:13-40
	android:name
		ADDED from src/main/AndroidManifest.xml:107:13-47
activity#com.example.test.ChangeMenuDetailsActivity
ADDED from src/main/AndroidManifest.xml:112:9-115:20
	android:label
		ADDED from src/main/AndroidManifest.xml:114:13-40
	android:name
		ADDED from src/main/AndroidManifest.xml:113:13-54
activity#com.example.test.ApplyVIPActivity
ADDED from src/main/AndroidManifest.xml:117:9-120:20
	android:label
		ADDED from src/main/AndroidManifest.xml:119:13-40
	android:name
		ADDED from src/main/AndroidManifest.xml:118:13-45
activity#com.example.test.SetDiscountActivity
ADDED from src/main/AndroidManifest.xml:122:9-127:20
	android:label
		ADDED from src/main/AndroidManifest.xml:124:13-41
	android:theme
		ADDED from src/main/AndroidManifest.xml:125:13-40
	android:name
		ADDED from src/main/AndroidManifest.xml:123:13-48
activity#com.example.test.ChooseDiscountLevelActivity
ADDED from src/main/AndroidManifest.xml:130:9-134:20
	android:label
		ADDED from src/main/AndroidManifest.xml:132:13-41
	android:name
		ADDED from src/main/AndroidManifest.xml:131:13-56
activity#com.example.test.BossActivity
ADDED from src/main/AndroidManifest.xml:136:9-140:20
	android:label
		ADDED from src/main/AndroidManifest.xml:138:13-41
	android:name
		ADDED from src/main/AndroidManifest.xml:137:13-41
activity#com.example.test.ViewanalysisActivity
ADDED from src/main/AndroidManifest.xml:142:9-146:20
	android:label
		ADDED from src/main/AndroidManifest.xml:144:13-37
	android:name
		ADDED from src/main/AndroidManifest.xml:143:13-49
meta-data#com.google.android.gms.version
ADDED from [com.google.android.gms:play-services-basement:8.1.0] AndroidManifest.xml:21:9-23:69
	android:value
		ADDED from [com.google.android.gms:play-services-basement:8.1.0] AndroidManifest.xml:23:13-66
	android:name
		ADDED from [com.google.android.gms:play-services-basement:8.1.0] AndroidManifest.xml:22:13-58